-------------------------------------------------------------------------------
Test set: TestSuite
-------------------------------------------------------------------------------
Tests run: 4, Failures: 1, Errors: 0, Skipped: 0, Time elapsed: 24.071 s <<< FAILURE! - in TestSuite
gotoSeleniumWikiPageFailure(MainTest)  Time elapsed: 2.353 s  <<< FAILURE!
java.lang.AssertionError: expected [Selenium WebDriver] but found [Selenium]
	at MainTest.gotoSeleniumWikiPageFailure(MainTest.java:106)

